{
  "RSpec": {
    "coverage": {
      "/home/boolean-revision-2010/tic-tac-toe-rb-online-web-sp-000/lib/tic_tac_toe.rb": [
        1,
        24,
        24,
        24,
        24,
        24,
        null,
        null,
        1,
        23,
        null,
        null,
        1,
        22,
        null,
        null,
        1,
        156,
        null,
        null,
        1,
        23,
        null,
        null,
        1,
        20,
        20,
        20,
        20,
        19,
        19,
        null,
        1,
        null,
        null,
        null,
        1,
        12,
        17,
        null,
        null,
        12,
        5,
        7,
        3,
        null,
        null,
        null,
        1,
        21,
        null,
        21,
        189,
        31,
        null,
        null,
        21,
        null,
        null,
        1,
        20,
        null,
        null,
        null,
        1,
        null,
        null,
        null,
        null,
        null,
        null,
        null,
        null,
        1,
        63,
        null,
        413,
        413,
        413,
        null,
        413,
        413,
        413,
        null,
        413,
        24,
        null,
        389,
        null,
        null,
        39,
        null,
        null,
        1,
        34,
        153,
        null,
        null,
        null,
        1,
        20,
        4,
        null,
        16,
        null,
        null,
        null,
        1,
        21,
        10,
        null,
        11,
        null,
        null,
        null,
        1,
        7,
        null,
        6,
        4,
        null,
        2,
        null,
        null
      ]
    },
    "timestamp": 1605109286
  }
}
